<?xml version="1.0" encoding="UTF-8"?>
<testng-results skipped="0" failed="0" ignored="0" total="1" passed="1">
  <reporter-output>
  </reporter-output>
  <suite name="Default suite" duration-ms="17718" started-at="2019-09-18T10:21:34Z" finished-at="2019-09-18T10:21:51Z">
    <groups>
    </groups>
    <test name="Default test" duration-ms="17718" started-at="2019-09-18T10:21:34Z" finished-at="2019-09-18T10:21:51Z">
      <class name="TestBase.LaunchApplication">
        <test-method status="PASS" signature="method()[pri:0, instance:TestBase.LaunchApplication@4b9e13df]" name="method" duration-ms="17670" started-at="2019-09-18T15:51:34Z" finished-at="2019-09-18T15:51:51Z">
          <reporter-output>
          </reporter-output>
        </test-method> <!-- method -->
      </class> <!-- TestBase.LaunchApplication -->
    </test> <!-- Default test -->
  </suite> <!-- Default suite -->
</testng-results>
